
--------------------
#####################################
#                                   #
#                                   #
#                                   #
#                                   #
#                                   #
#                                   #
#                                   #
#                                   #
#                                   #
#                                   #
#                                   #
#                                   #
#                                   #
#                                   #
#                                   #
#                                   #
#                                   #
#                                   #
#                                   #
#                S                  #
#                                   #
#                                   #
#####################################
score : 0

--------------------

--------------------
#####################################
#                                  O#
#                                   #
#                                   #
#                                   #
#                                   #
#                                   #
#                                   #
#                                   #
#                                   #
#                                   #
#                                   #
#                                   #
#                                   #
#                                   #
#                                   #
#                                   #
#                                   #
#                                   #
#                                   #
#                 S                 #
#                                   #
#                                   #
#####################################
score : 1

--------------------

--------------------
#####################################
#                      O            #
#                                  O#
#                                   #
#                                   #
#                                   #
#                                   #
#                                   #
#                                   #
#                                   #
#                                   #
#                                   #
#                                   #
#                                   #
#                                   #
#                                   #
#                                   #
#                                   #
#                                   #
#                                   #
#                  S                #
#                                   #
#                                   #
#####################################
score : 2

--------------------

--------------------
#####################################
#                            O      #
#                      O            #
#                                  O#
#                                   #
#                                   #
#                                   #
#                                   #
#                                   #
#                                   #
#                                   #
#                                   #
#                                   #
#                                   #
#                                   #
#                                   #
#                                   #
#                                   #
#                                   #
#                                   #
#                   S               #
#                                   #
#                                   #
#####################################
score : 3

--------------------

--------------------
#####################################
#                             O     #
#                            O      #
#                      O            #
#                                  O#
#                                   #
#                                   #
#                                   #
#                                   #
#                                   #
#                                   #
#                                   #
#                                   #
#                                   #
#                                   #
#                                   #
#                                   #
#                                   #
#                                   #
#                                   #
#                    S              #
#                                   #
#                                   #
#####################################
score : 4

--------------------

--------------------
#####################################
#    O                              #
#                             O     #
#                            O      #
#                      O            #
#                                  O#
#                                   #
#                                   #
#                                   #
#                                   #
#                                   #
#                                   #
#                                   #
#                                   #
#                                   #
#                                   #
#                                   #
#                                   #
#                                   #
#                                   #
#                     S             #
#                                   #
#                                   #
#####################################
score : 5

--------------------

--------------------
#####################################
#                    O              #
#    O                              #
#                             O     #
#                            O      #
#                      O            #
#                                  O#
#                                   #
#                                   #
#                                   #
#                                   #
#                                   #
#                                   #
#                                   #
#                                   #
#                                   #
#                                   #
#                                   #
#                                   #
#                                   #
#                      S            #
#                                   #
#                                   #
#####################################
score : 6

--------------------

--------------------
#####################################
#O                                  #
#                    O              #
#    O                              #
#                             O     #
#                            O      #
#                      O            #
#                                  O#
#                                   #
#                                   #
#                                   #
#                                   #
#                                   #
#                                   #
#                                   #
#                                   #
#                                   #
#                                   #
#                                   #
#                                   #
#                       S           #
#                                   #
#                                   #
#####################################
score : 7

--------------------

--------------------
#####################################
#       O                           #
#O                                  #
#                    O              #
#    O                              #
#                             O     #
#                            O      #
#                      O            #
#                                  O#
#                                   #
#                                   #
#                                   #
#                                   #
#                                   #
#                                   #
#                                   #
#                                   #
#                                   #
#                                   #
#                                   #
#                        S          #
#                                   #
#                                   #
#####################################
score : 8

--------------------

--------------------
#####################################
#  O                                #
#       O                           #
#O                                  #
#                    O              #
#    O                              #
#                             O     #
#                            O      #
#                      O            #
#                                  O#
#                                   #
#                                   #
#                                   #
#                                   #
#                                   #
#                                   #
#                                   #
#                                   #
#                                   #
#                                   #
#                         S         #
#                                   #
#                                   #
#####################################
score : 9

--------------------

--------------------
#####################################
#                        O          #
#  O                                #
#       O                           #
#O                                  #
#                    O              #
#    O                              #
#                             O     #
#                            O      #
#                      O            #
#                                  O#
#                                   #
#                                   #
#                                   #
#                                   #
#                                   #
#                                   #
#                                   #
#                                   #
#                                   #
#                          S        #
#                                   #
#                                   #
#####################################
score : 10

--------------------

--------------------
#####################################
#                      O            #
#                        O          #
#  O                                #
#       O                           #
#O                                  #
#                    O              #
#    O                              #
#                             O     #
#                            O      #
#                      O            #
#                                  O#
#                                   #
#                                   #
#                                   #
#                                   #
#                                   #
#                                   #
#                                   #
#                                   #
#                           S       #
#                                   #
#                                   #
#####################################
score : 11

--------------------

--------------------
#####################################
#                      O            #
#                      O            #
#                        O          #
#  O                                #
#       O                           #
#O                                  #
#                    O              #
#    O                              #
#                             O     #
#                            O      #
#                      O            #
#                                  O#
#                                   #
#                                   #
#                                   #
#                                   #
#                                   #
#                                   #
#                                   #
#                            S      #
#                                   #
#                                   #
#####################################
score : 12

--------------------

--------------------
#####################################
#                                O  #
#                      O            #
#                      O            #
#                        O          #
#  O                                #
#       O                           #
#O                                  #
#                    O              #
#    O                              #
#                             O     #
#                            O      #
#                      O            #
#                                  O#
#                                   #
#                                   #
#                                   #
#                                   #
#                                   #
#                                   #
#                             S     #
#                                   #
#                                   #
#####################################
score : 13

--------------------

--------------------
#####################################
#             O                     #
#                                O  #
#                      O            #
#                      O            #
#                        O          #
#  O                                #
#       O                           #
#O                                  #
#                    O              #
#    O                              #
#                             O     #
#                            O      #
#                      O            #
#                                  O#
#                                   #
#                                   #
#                                   #
#                                   #
#                                   #
#                              S    #
#                                   #
#                                   #
#####################################
score : 14

--------------------

--------------------
#####################################
#              O                    #
#             O                     #
#                                O  #
#                      O            #
#                      O            #
#                        O          #
#  O                                #
#       O                           #
#O                                  #
#                    O              #
#    O                              #
#                             O     #
#                            O      #
#                      O            #
#                                  O#
#                                   #
#                                   #
#                                   #
#                                   #
#                               S   #
#                                   #
#                                   #
#####################################
score : 15

--------------------

--------------------
#####################################
#       O                           #
#              O                    #
#             O                     #
#                                O  #
#                      O            #
#                      O            #
#                        O          #
#  O                                #
#       O                           #
#O                                  #
#                    O              #
#    O                              #
#                             O     #
#                            O      #
#                      O            #
#                                  O#
#                                   #
#                                   #
#                                   #
#                                S  #
#                                   #
#                                   #
#####################################
score : 16

--------------------

--------------------
#####################################
#                  O                #
#       O                           #
#              O                    #
#             O                     #
#                                O  #
#                      O            #
#                      O            #
#                        O          #
#  O                                #
#       O                           #
#O                                  #
#                    O              #
#    O                              #
#                             O     #
#                            O      #
#                      O            #
#                                  O#
#                                   #
#                                   #
#                                 S #
#                                   #
#                                   #
#####################################
score : 17

--------------------

--------------------
#####################################
#   O                               #
#                  O                #
#       O                           #
#              O                    #
#             O                     #
#                                O  #
#                      O            #
#                      O            #
#                        O          #
#  O                                #
#       O                           #
#O                                  #
#                    O              #
#    O                              #
#                             O     #
#                            O      #
#                      O            #
#                                  O#
#                                   #
#                                  S#
#                                   #
#                                   #
#####################################
score : 18

--------------------

--------------------
#####################################
# O                                 #
#   O                               #
#                  O                #
#       O                           #
#              O                    #
#             O                     #
#                                O  #
#                      O            #
#                      O            #
#                        O          #
#  O                                #
#       O                           #
#O                                  #
#                    O              #
#    O                              #
#                             O     #
#                            O      #
#                      O            #
#                                  O#
#                                  S#
#                                   #
#                                   #
#####################################
score : 19

--------------------

--------------------
#######################O#############
# O                                 #
#   O                               #
#                  O                #
#       O                           #
#              O                    #
#             O                     #
#                                O  #
#                      O            #
#                      O            #
#                        O          #
#  O                                #
#       O                           #
#O                                  #
#                    O              #
#    O                              #
#                             O     #
#                            O      #
#                      O            #
#                                   #
#                                  O#
#                                   #
#                                   #
#####################################
score : 19

--------------------
Game ended because of a crash with Obstacle at position [20,35] !
Final score : 19